time="2023-11-19T13:26:52+06:00" level=info msg="Server launching..." func="main.main()" file="main.go:10"
time="2023-11-19T14:07:17+06:00" level=info msg="Server launching..." func="main.main()" file="main.go:10"
time="2023-11-19T14:09:00+06:00" level=info msg="Server launching..." func="main.main()" file="main.go:10"
time="2023-11-19T14:09:14+06:00" level=info msg="open templates/html/group.html: The system cannot find the file specified." func="groupie-tracker/internal/handler.GroupHandler()" file="handlers.go:78"
time="2023-11-19T14:32:38+06:00" level=info msg="Server launching..." func="main.main()" file="main.go:10"
time="2023-11-19T14:32:54+06:00" level=info msg="IndexHandler is succesfully used" func="groupie-tracker/internal/handler.IndexHandler()" file="handlers.go:59"
time="2023-11-19T14:32:54+06:00" level=info msg="LocationHandler is succesfully used" func="groupie-tracker/internal/handler.LocationHandler()" file="handlers.go:256"
time="2023-11-19T14:32:54+06:00" level=info msg="LocationHandler is succesfully used" func="groupie-tracker/internal/handler.LocationHandler()" file="handlers.go:256"
time="2023-11-19T14:32:54+06:00" level=info msg="LocationHandler is succesfully used" func="groupie-tracker/internal/handler.LocationHandler()" file="handlers.go:256"
time="2023-11-19T14:32:55+06:00" level=info msg="LocationHandler is succesfully used" func="groupie-tracker/internal/handler.LocationHandler()" file="handlers.go:256"
time="2023-11-19T14:32:55+06:00" level=info msg="LocationHandler is succesfully used" func="groupie-tracker/internal/handler.LocationHandler()" file="handlers.go:256"
time="2023-11-19T14:32:55+06:00" level=info msg="LocationHandler is succesfully used" func="groupie-tracker/internal/handler.LocationHandler()" file="handlers.go:256"
time="2023-11-19T14:32:55+06:00" level=info msg="LocationHandler is succesfully used" func="groupie-tracker/internal/handler.LocationHandler()" file="handlers.go:256"
time="2023-11-19T14:32:55+06:00" level=info msg="LocationHandler is succesfully used" func="groupie-tracker/internal/handler.LocationHandler()" file="handlers.go:256"
time="2023-11-19T14:32:55+06:00" level=info msg="LocationHandler is succesfully used" func="groupie-tracker/internal/handler.LocationHandler()" file="handlers.go:256"
time="2023-11-19T14:32:55+06:00" level=info msg="LocationHandler is succesfully used" func="groupie-tracker/internal/handler.LocationHandler()" file="handlers.go:256"
time="2023-11-19T14:32:55+06:00" level=info msg="LocationHandler is succesfully used" func="groupie-tracker/internal/handler.LocationHandler()" file="handlers.go:256"
time="2023-11-19T14:32:55+06:00" level=info msg="LocationHandler is succesfully used" func="groupie-tracker/internal/handler.LocationHandler()" file="handlers.go:256"
time="2023-11-19T14:32:55+06:00" level=info msg="LocationHandler is succesfully used" func="groupie-tracker/internal/handler.LocationHandler()" file="handlers.go:256"
time="2023-11-19T14:32:55+06:00" level=info msg="LocationHandler is succesfully used" func="groupie-tracker/internal/handler.LocationHandler()" file="handlers.go:256"
time="2023-11-19T14:32:55+06:00" level=info msg="LocationHandler is succesfully used" func="groupie-tracker/internal/handler.LocationHandler()" file="handlers.go:256"
time="2023-11-19T14:32:55+06:00" level=info msg="LocationHandler is succesfully used" func="groupie-tracker/internal/handler.LocationHandler()" file="handlers.go:256"
time="2023-11-19T14:32:55+06:00" level=info msg="LocationHandler is succesfully used" func="groupie-tracker/internal/handler.LocationHandler()" file="handlers.go:256"
time="2023-11-19T14:32:55+06:00" level=info msg="LocationHandler is succesfully used" func="groupie-tracker/internal/handler.LocationHandler()" file="handlers.go:256"
time="2023-11-19T14:32:55+06:00" level=info msg="LocationHandler is succesfully used" func="groupie-tracker/internal/handler.LocationHandler()" file="handlers.go:256"
time="2023-11-19T14:32:55+06:00" level=info msg="LocationHandler is succesfully used" func="groupie-tracker/internal/handler.LocationHandler()" file="handlers.go:256"
time="2023-11-19T14:32:55+06:00" level=info msg="LocationHandler is succesfully used" func="groupie-tracker/internal/handler.LocationHandler()" file="handlers.go:256"
time="2023-11-19T14:32:55+06:00" level=info msg="LocationHandler is succesfully used" func="groupie-tracker/internal/handler.LocationHandler()" file="handlers.go:256"
time="2023-11-19T14:32:55+06:00" level=info msg="LocationHandler is succesfully used" func="groupie-tracker/internal/handler.LocationHandler()" file="handlers.go:256"
time="2023-11-19T14:32:55+06:00" level=info msg="LocationHandler is succesfully used" func="groupie-tracker/internal/handler.LocationHandler()" file="handlers.go:256"
time="2023-11-19T14:32:55+06:00" level=info msg="LocationHandler is succesfully used" func="groupie-tracker/internal/handler.LocationHandler()" file="handlers.go:256"
time="2023-11-19T14:32:55+06:00" level=info msg="LocationHandler is succesfully used" func="groupie-tracker/internal/handler.LocationHandler()" file="handlers.go:256"
time="2023-11-19T14:32:55+06:00" level=info msg="LocationHandler is succesfully used" func="groupie-tracker/internal/handler.LocationHandler()" file="handlers.go:256"
time="2023-11-19T14:32:55+06:00" level=info msg="LocationHandler is succesfully used" func="groupie-tracker/internal/handler.LocationHandler()" file="handlers.go:256"
time="2023-11-19T14:32:55+06:00" level=info msg="LocationHandler is succesfully used" func="groupie-tracker/internal/handler.LocationHandler()" file="handlers.go:256"
time="2023-11-19T14:32:55+06:00" level=info msg="LocationHandler is succesfully used" func="groupie-tracker/internal/handler.LocationHandler()" file="handlers.go:256"
time="2023-11-19T14:32:55+06:00" level=info msg="LocationHandler is succesfully used" func="groupie-tracker/internal/handler.LocationHandler()" file="handlers.go:256"
time="2023-11-19T14:32:55+06:00" level=info msg="LocationHandler is succesfully used" func="groupie-tracker/internal/handler.LocationHandler()" file="handlers.go:256"
time="2023-11-19T14:32:55+06:00" level=info msg="LocationHandler is succesfully used" func="groupie-tracker/internal/handler.LocationHandler()" file="handlers.go:256"
time="2023-11-19T14:32:55+06:00" level=info msg="LocationHandler is succesfully used" func="groupie-tracker/internal/handler.LocationHandler()" file="handlers.go:256"
time="2023-11-19T14:32:55+06:00" level=info msg="LocationHandler is succesfully used" func="groupie-tracker/internal/handler.LocationHandler()" file="handlers.go:256"
time="2023-11-19T14:32:55+06:00" level=info msg="LocationHandler is succesfully used" func="groupie-tracker/internal/handler.LocationHandler()" file="handlers.go:256"
time="2023-11-19T14:32:55+06:00" level=info msg="LocationHandler is succesfully used" func="groupie-tracker/internal/handler.LocationHandler()" file="handlers.go:256"
time="2023-11-19T14:32:55+06:00" level=info msg="LocationHandler is succesfully used" func="groupie-tracker/internal/handler.LocationHandler()" file="handlers.go:256"
time="2023-11-19T14:32:55+06:00" level=info msg="LocationHandler is succesfully used" func="groupie-tracker/internal/handler.LocationHandler()" file="handlers.go:256"
time="2023-11-19T14:32:55+06:00" level=info msg="LocationHandler is succesfully used" func="groupie-tracker/internal/handler.LocationHandler()" file="handlers.go:256"
time="2023-11-19T14:32:55+06:00" level=info msg="LocationHandler is succesfully used" func="groupie-tracker/internal/handler.LocationHandler()" file="handlers.go:256"
time="2023-11-19T14:32:55+06:00" level=info msg="LocationHandler is succesfully used" func="groupie-tracker/internal/handler.LocationHandler()" file="handlers.go:256"
time="2023-11-19T14:32:55+06:00" level=info msg="LocationHandler is succesfully used" func="groupie-tracker/internal/handler.LocationHandler()" file="handlers.go:256"
time="2023-11-19T14:32:55+06:00" level=info msg="LocationHandler is succesfully used" func="groupie-tracker/internal/handler.LocationHandler()" file="handlers.go:256"
time="2023-11-19T14:32:55+06:00" level=info msg="LocationHandler is succesfully used" func="groupie-tracker/internal/handler.LocationHandler()" file="handlers.go:256"
time="2023-11-19T14:32:55+06:00" level=info msg="LocationHandler is succesfully used" func="groupie-tracker/internal/handler.LocationHandler()" file="handlers.go:256"
time="2023-11-19T14:32:55+06:00" level=info msg="LocationHandler is succesfully used" func="groupie-tracker/internal/handler.LocationHandler()" file="handlers.go:256"
time="2023-11-19T14:32:55+06:00" level=info msg="LocationHandler is succesfully used" func="groupie-tracker/internal/handler.LocationHandler()" file="handlers.go:256"
time="2023-11-19T14:32:55+06:00" level=info msg="LocationHandler is succesfully used" func="groupie-tracker/internal/handler.LocationHandler()" file="handlers.go:256"
time="2023-11-19T14:32:55+06:00" level=info msg="LocationHandler is succesfully used" func="groupie-tracker/internal/handler.LocationHandler()" file="handlers.go:256"
time="2023-11-19T14:32:55+06:00" level=info msg="LocationHandler is succesfully used" func="groupie-tracker/internal/handler.LocationHandler()" file="handlers.go:256"
time="2023-11-19T14:32:55+06:00" level=info msg="LocationHandler is succesfully used" func="groupie-tracker/internal/handler.LocationHandler()" file="handlers.go:256"
time="2023-11-19T14:36:09+06:00" level=info msg="SearchHandler is succesfully used" func="groupie-tracker/internal/handler.SearchHandler()" file="handlers.go:223"
time="2023-11-19T14:36:10+06:00" level=info msg="SearchHandler is succesfully used" func="groupie-tracker/internal/handler.SearchHandler()" file="handlers.go:223"
time="2023-11-19T14:36:10+06:00" level=info msg="SearchHandler is succesfully used" func="groupie-tracker/internal/handler.SearchHandler()" file="handlers.go:223"
time="2023-11-19T14:36:11+06:00" level=info msg="SearchHandler is succesfully used" func="groupie-tracker/internal/handler.SearchHandler()" file="handlers.go:223"
time="2023-11-19T14:36:23+06:00" level=info msg="FilterHandler is succesfully used" func="groupie-tracker/internal/handler.FilterHandler()" file="handlers.go:183"
time="2023-11-19T14:36:23+06:00" level=info msg="LocationHandler is succesfully used" func="groupie-tracker/internal/handler.LocationHandler()" file="handlers.go:256"
time="2023-11-19T14:36:23+06:00" level=info msg="LocationHandler is succesfully used" func="groupie-tracker/internal/handler.LocationHandler()" file="handlers.go:256"
time="2023-11-19T14:36:23+06:00" level=info msg="LocationHandler is succesfully used" func="groupie-tracker/internal/handler.LocationHandler()" file="handlers.go:256"
time="2023-11-19T14:36:23+06:00" level=info msg="LocationHandler is succesfully used" func="groupie-tracker/internal/handler.LocationHandler()" file="handlers.go:256"
time="2023-11-19T14:36:23+06:00" level=info msg="LocationHandler is succesfully used" func="groupie-tracker/internal/handler.LocationHandler()" file="handlers.go:256"
time="2023-11-19T14:36:23+06:00" level=info msg="LocationHandler is succesfully used" func="groupie-tracker/internal/handler.LocationHandler()" file="handlers.go:256"
time="2023-11-19T14:36:23+06:00" level=info msg="LocationHandler is succesfully used" func="groupie-tracker/internal/handler.LocationHandler()" file="handlers.go:256"
time="2023-11-19T14:36:23+06:00" level=info msg="LocationHandler is succesfully used" func="groupie-tracker/internal/handler.LocationHandler()" file="handlers.go:256"
time="2023-11-19T14:36:23+06:00" level=info msg="LocationHandler is succesfully used" func="groupie-tracker/internal/handler.LocationHandler()" file="handlers.go:256"
time="2023-11-19T14:36:23+06:00" level=info msg="LocationHandler is succesfully used" func="groupie-tracker/internal/handler.LocationHandler()" file="handlers.go:256"
time="2023-11-19T14:36:23+06:00" level=info msg="LocationHandler is succesfully used" func="groupie-tracker/internal/handler.LocationHandler()" file="handlers.go:256"
time="2023-11-19T14:36:23+06:00" level=info msg="LocationHandler is succesfully used" func="groupie-tracker/internal/handler.LocationHandler()" file="handlers.go:256"
time="2023-11-19T14:36:23+06:00" level=info msg="LocationHandler is succesfully used" func="groupie-tracker/internal/handler.LocationHandler()" file="handlers.go:256"
time="2023-11-19T14:36:23+06:00" level=info msg="LocationHandler is succesfully used" func="groupie-tracker/internal/handler.LocationHandler()" file="handlers.go:256"
time="2023-11-19T14:36:23+06:00" level=info msg="LocationHandler is succesfully used" func="groupie-tracker/internal/handler.LocationHandler()" file="handlers.go:256"
time="2023-11-19T14:36:23+06:00" level=info msg="LocationHandler is succesfully used" func="groupie-tracker/internal/handler.LocationHandler()" file="handlers.go:256"
time="2023-11-19T14:36:23+06:00" level=info msg="LocationHandler is succesfully used" func="groupie-tracker/internal/handler.LocationHandler()" file="handlers.go:256"
time="2023-11-19T14:36:23+06:00" level=info msg="LocationHandler is succesfully used" func="groupie-tracker/internal/handler.LocationHandler()" file="handlers.go:256"
time="2023-11-19T14:36:23+06:00" level=info msg="LocationHandler is succesfully used" func="groupie-tracker/internal/handler.LocationHandler()" file="handlers.go:256"
time="2023-11-19T14:36:23+06:00" level=info msg="LocationHandler is succesfully used" func="groupie-tracker/internal/handler.LocationHandler()" file="handlers.go:256"
time="2023-11-19T14:36:23+06:00" level=info msg="LocationHandler is succesfully used" func="groupie-tracker/internal/handler.LocationHandler()" file="handlers.go:256"
time="2023-11-19T14:36:23+06:00" level=info msg="LocationHandler is succesfully used" func="groupie-tracker/internal/handler.LocationHandler()" file="handlers.go:256"
time="2023-11-19T14:36:23+06:00" level=info msg="LocationHandler is succesfully used" func="groupie-tracker/internal/handler.LocationHandler()" file="handlers.go:256"
time="2023-11-19T14:36:23+06:00" level=info msg="LocationHandler is succesfully used" func="groupie-tracker/internal/handler.LocationHandler()" file="handlers.go:256"
time="2023-11-19T14:36:23+06:00" level=info msg="LocationHandler is succesfully used" func="groupie-tracker/internal/handler.LocationHandler()" file="handlers.go:256"
time="2023-11-19T14:36:23+06:00" level=info msg="LocationHandler is succesfully used" func="groupie-tracker/internal/handler.LocationHandler()" file="handlers.go:256"
time="2023-11-19T14:36:24+06:00" level=info msg="LocationHandler is succesfully used" func="groupie-tracker/internal/handler.LocationHandler()" file="handlers.go:256"
time="2023-11-19T14:36:24+06:00" level=info msg="LocationHandler is succesfully used" func="groupie-tracker/internal/handler.LocationHandler()" file="handlers.go:256"
time="2023-11-19T14:36:24+06:00" level=info msg="LocationHandler is succesfully used" func="groupie-tracker/internal/handler.LocationHandler()" file="handlers.go:256"
time="2023-11-19T14:36:24+06:00" level=info msg="LocationHandler is succesfully used" func="groupie-tracker/internal/handler.LocationHandler()" file="handlers.go:256"
time="2023-11-19T14:36:24+06:00" level=info msg="LocationHandler is succesfully used" func="groupie-tracker/internal/handler.LocationHandler()" file="handlers.go:256"
time="2023-11-19T14:36:24+06:00" level=info msg="LocationHandler is succesfully used" func="groupie-tracker/internal/handler.LocationHandler()" file="handlers.go:256"
time="2023-11-19T14:36:24+06:00" level=info msg="LocationHandler is succesfully used" func="groupie-tracker/internal/handler.LocationHandler()" file="handlers.go:256"
time="2023-11-19T14:36:24+06:00" level=info msg="LocationHandler is succesfully used" func="groupie-tracker/internal/handler.LocationHandler()" file="handlers.go:256"
time="2023-11-19T14:36:24+06:00" level=info msg="LocationHandler is succesfully used" func="groupie-tracker/internal/handler.LocationHandler()" file="handlers.go:256"
time="2023-11-19T14:36:24+06:00" level=info msg="LocationHandler is succesfully used" func="groupie-tracker/internal/handler.LocationHandler()" file="handlers.go:256"
time="2023-11-19T14:36:24+06:00" level=info msg="LocationHandler is succesfully used" func="groupie-tracker/internal/handler.LocationHandler()" file="handlers.go:256"
time="2023-11-19T14:36:24+06:00" level=info msg="LocationHandler is succesfully used" func="groupie-tracker/internal/handler.LocationHandler()" file="handlers.go:256"
time="2023-11-19T14:36:24+06:00" level=info msg="LocationHandler is succesfully used" func="groupie-tracker/internal/handler.LocationHandler()" file="handlers.go:256"
time="2023-11-19T14:36:24+06:00" level=info msg="LocationHandler is succesfully used" func="groupie-tracker/internal/handler.LocationHandler()" file="handlers.go:256"
time="2023-11-19T14:36:24+06:00" level=info msg="LocationHandler is succesfully used" func="groupie-tracker/internal/handler.LocationHandler()" file="handlers.go:256"
time="2023-11-19T14:36:24+06:00" level=info msg="LocationHandler is succesfully used" func="groupie-tracker/internal/handler.LocationHandler()" file="handlers.go:256"
time="2023-11-19T14:36:24+06:00" level=info msg="LocationHandler is succesfully used" func="groupie-tracker/internal/handler.LocationHandler()" file="handlers.go:256"
time="2023-11-19T14:36:24+06:00" level=info msg="LocationHandler is succesfully used" func="groupie-tracker/internal/handler.LocationHandler()" file="handlers.go:256"
time="2023-11-19T14:36:24+06:00" level=info msg="LocationHandler is succesfully used" func="groupie-tracker/internal/handler.LocationHandler()" file="handlers.go:256"
time="2023-11-19T14:36:24+06:00" level=info msg="LocationHandler is succesfully used" func="groupie-tracker/internal/handler.LocationHandler()" file="handlers.go:256"
time="2023-11-19T14:36:24+06:00" level=info msg="LocationHandler is succesfully used" func="groupie-tracker/internal/handler.LocationHandler()" file="handlers.go:256"
time="2023-11-19T14:36:24+06:00" level=info msg="LocationHandler is succesfully used" func="groupie-tracker/internal/handler.LocationHandler()" file="handlers.go:256"
time="2023-11-19T14:36:24+06:00" level=info msg="LocationHandler is succesfully used" func="groupie-tracker/internal/handler.LocationHandler()" file="handlers.go:256"
time="2023-11-19T14:36:24+06:00" level=info msg="LocationHandler is succesfully used" func="groupie-tracker/internal/handler.LocationHandler()" file="handlers.go:256"
time="2023-11-19T14:36:24+06:00" level=info msg="LocationHandler is succesfully used" func="groupie-tracker/internal/handler.LocationHandler()" file="handlers.go:256"
time="2023-11-19T14:36:24+06:00" level=info msg="LocationHandler is succesfully used" func="groupie-tracker/internal/handler.LocationHandler()" file="handlers.go:256"
time="2023-11-19T14:36:36+06:00" level=info msg="IndexHandler is succesfully used" func="groupie-tracker/internal/handler.IndexHandler()" file="handlers.go:59"
time="2023-11-19T14:36:36+06:00" level=info msg="LocationHandler is succesfully used" func="groupie-tracker/internal/handler.LocationHandler()" file="handlers.go:256"
time="2023-11-19T14:36:36+06:00" level=info msg="LocationHandler is succesfully used" func="groupie-tracker/internal/handler.LocationHandler()" file="handlers.go:256"
time="2023-11-19T14:36:36+06:00" level=info msg="LocationHandler is succesfully used" func="groupie-tracker/internal/handler.LocationHandler()" file="handlers.go:256"
time="2023-11-19T14:36:36+06:00" level=info msg="LocationHandler is succesfully used" func="groupie-tracker/internal/handler.LocationHandler()" file="handlers.go:256"
time="2023-11-19T14:36:36+06:00" level=info msg="LocationHandler is succesfully used" func="groupie-tracker/internal/handler.LocationHandler()" file="handlers.go:256"
time="2023-11-19T14:36:36+06:00" level=info msg="LocationHandler is succesfully used" func="groupie-tracker/internal/handler.LocationHandler()" file="handlers.go:256"
time="2023-11-19T14:36:36+06:00" level=info msg="LocationHandler is succesfully used" func="groupie-tracker/internal/handler.LocationHandler()" file="handlers.go:256"
time="2023-11-19T14:36:36+06:00" level=info msg="LocationHandler is succesfully used" func="groupie-tracker/internal/handler.LocationHandler()" file="handlers.go:256"
time="2023-11-19T14:36:36+06:00" level=info msg="LocationHandler is succesfully used" func="groupie-tracker/internal/handler.LocationHandler()" file="handlers.go:256"
time="2023-11-19T14:36:36+06:00" level=info msg="LocationHandler is succesfully used" func="groupie-tracker/internal/handler.LocationHandler()" file="handlers.go:256"
time="2023-11-19T14:36:36+06:00" level=info msg="LocationHandler is succesfully used" func="groupie-tracker/internal/handler.LocationHandler()" file="handlers.go:256"
time="2023-11-19T14:36:36+06:00" level=info msg="LocationHandler is succesfully used" func="groupie-tracker/internal/handler.LocationHandler()" file="handlers.go:256"
time="2023-11-19T14:36:36+06:00" level=info msg="LocationHandler is succesfully used" func="groupie-tracker/internal/handler.LocationHandler()" file="handlers.go:256"
time="2023-11-19T14:36:36+06:00" level=info msg="LocationHandler is succesfully used" func="groupie-tracker/internal/handler.LocationHandler()" file="handlers.go:256"
time="2023-11-19T14:36:37+06:00" level=info msg="LocationHandler is succesfully used" func="groupie-tracker/internal/handler.LocationHandler()" file="handlers.go:256"
time="2023-11-19T14:36:37+06:00" level=info msg="LocationHandler is succesfully used" func="groupie-tracker/internal/handler.LocationHandler()" file="handlers.go:256"
time="2023-11-19T14:36:37+06:00" level=info msg="LocationHandler is succesfully used" func="groupie-tracker/internal/handler.LocationHandler()" file="handlers.go:256"
time="2023-11-19T14:36:37+06:00" level=info msg="LocationHandler is succesfully used" func="groupie-tracker/internal/handler.LocationHandler()" file="handlers.go:256"
time="2023-11-19T14:36:37+06:00" level=info msg="LocationHandler is succesfully used" func="groupie-tracker/internal/handler.LocationHandler()" file="handlers.go:256"
time="2023-11-19T14:36:37+06:00" level=info msg="LocationHandler is succesfully used" func="groupie-tracker/internal/handler.LocationHandler()" file="handlers.go:256"
time="2023-11-19T14:36:37+06:00" level=info msg="LocationHandler is succesfully used" func="groupie-tracker/internal/handler.LocationHandler()" file="handlers.go:256"
time="2023-11-19T14:36:37+06:00" level=info msg="LocationHandler is succesfully used" func="groupie-tracker/internal/handler.LocationHandler()" file="handlers.go:256"
time="2023-11-19T14:36:37+06:00" level=info msg="LocationHandler is succesfully used" func="groupie-tracker/internal/handler.LocationHandler()" file="handlers.go:256"
time="2023-11-19T14:36:37+06:00" level=info msg="LocationHandler is succesfully used" func="groupie-tracker/internal/handler.LocationHandler()" file="handlers.go:256"
time="2023-11-19T14:36:37+06:00" level=info msg="LocationHandler is succesfully used" func="groupie-tracker/internal/handler.LocationHandler()" file="handlers.go:256"
time="2023-11-19T14:36:37+06:00" level=info msg="LocationHandler is succesfully used" func="groupie-tracker/internal/handler.LocationHandler()" file="handlers.go:256"
time="2023-11-19T14:36:37+06:00" level=info msg="LocationHandler is succesfully used" func="groupie-tracker/internal/handler.LocationHandler()" file="handlers.go:256"
time="2023-11-19T14:36:37+06:00" level=info msg="LocationHandler is succesfully used" func="groupie-tracker/internal/handler.LocationHandler()" file="handlers.go:256"
time="2023-11-19T14:36:37+06:00" level=info msg="LocationHandler is succesfully used" func="groupie-tracker/internal/handler.LocationHandler()" file="handlers.go:256"
time="2023-11-19T14:36:37+06:00" level=info msg="LocationHandler is succesfully used" func="groupie-tracker/internal/handler.LocationHandler()" file="handlers.go:256"
time="2023-11-19T14:36:37+06:00" level=info msg="LocationHandler is succesfully used" func="groupie-tracker/internal/handler.LocationHandler()" file="handlers.go:256"
time="2023-11-19T14:36:37+06:00" level=info msg="LocationHandler is succesfully used" func="groupie-tracker/internal/handler.LocationHandler()" file="handlers.go:256"
time="2023-11-19T14:36:37+06:00" level=info msg="LocationHandler is succesfully used" func="groupie-tracker/internal/handler.LocationHandler()" file="handlers.go:256"
time="2023-11-19T14:36:37+06:00" level=info msg="LocationHandler is succesfully used" func="groupie-tracker/internal/handler.LocationHandler()" file="handlers.go:256"
time="2023-11-19T14:36:37+06:00" level=info msg="LocationHandler is succesfully used" func="groupie-tracker/internal/handler.LocationHandler()" file="handlers.go:256"
time="2023-11-19T14:36:37+06:00" level=info msg="LocationHandler is succesfully used" func="groupie-tracker/internal/handler.LocationHandler()" file="handlers.go:256"
time="2023-11-19T14:36:37+06:00" level=info msg="LocationHandler is succesfully used" func="groupie-tracker/internal/handler.LocationHandler()" file="handlers.go:256"
time="2023-11-19T14:36:37+06:00" level=info msg="LocationHandler is succesfully used" func="groupie-tracker/internal/handler.LocationHandler()" file="handlers.go:256"
time="2023-11-19T14:36:37+06:00" level=info msg="LocationHandler is succesfully used" func="groupie-tracker/internal/handler.LocationHandler()" file="handlers.go:256"
time="2023-11-19T14:36:37+06:00" level=info msg="LocationHandler is succesfully used" func="groupie-tracker/internal/handler.LocationHandler()" file="handlers.go:256"
time="2023-11-19T14:36:37+06:00" level=info msg="LocationHandler is succesfully used" func="groupie-tracker/internal/handler.LocationHandler()" file="handlers.go:256"
time="2023-11-19T14:36:37+06:00" level=info msg="LocationHandler is succesfully used" func="groupie-tracker/internal/handler.LocationHandler()" file="handlers.go:256"
time="2023-11-19T14:36:37+06:00" level=info msg="LocationHandler is succesfully used" func="groupie-tracker/internal/handler.LocationHandler()" file="handlers.go:256"
time="2023-11-19T14:36:37+06:00" level=info msg="LocationHandler is succesfully used" func="groupie-tracker/internal/handler.LocationHandler()" file="handlers.go:256"
time="2023-11-19T14:36:37+06:00" level=info msg="LocationHandler is succesfully used" func="groupie-tracker/internal/handler.LocationHandler()" file="handlers.go:256"
time="2023-11-19T14:36:37+06:00" level=info msg="LocationHandler is succesfully used" func="groupie-tracker/internal/handler.LocationHandler()" file="handlers.go:256"
time="2023-11-19T14:36:37+06:00" level=info msg="LocationHandler is succesfully used" func="groupie-tracker/internal/handler.LocationHandler()" file="handlers.go:256"
time="2023-11-19T14:36:37+06:00" level=info msg="LocationHandler is succesfully used" func="groupie-tracker/internal/handler.LocationHandler()" file="handlers.go:256"
time="2023-11-19T14:36:37+06:00" level=info msg="LocationHandler is succesfully used" func="groupie-tracker/internal/handler.LocationHandler()" file="handlers.go:256"
time="2023-11-19T14:36:37+06:00" level=info msg="LocationHandler is succesfully used" func="groupie-tracker/internal/handler.LocationHandler()" file="handlers.go:256"
time="2023-11-19T14:36:37+06:00" level=info msg="LocationHandler is succesfully used" func="groupie-tracker/internal/handler.LocationHandler()" file="handlers.go:256"
time="2023-11-19T14:36:37+06:00" level=info msg="LocationHandler is succesfully used" func="groupie-tracker/internal/handler.LocationHandler()" file="handlers.go:256"
time="2023-11-19T14:55:00+06:00" level=info msg="Server launching..." func="main.main()" file="main.go:10"
time="2023-11-19T14:55:09+06:00" level=info msg="IndexHandler is succesfully used" func="groupie-tracker/internal/handler.IndexHandler()" file="handlers.go:59"
time="2023-11-19T14:55:09+06:00" level=info msg="LocationHandler is succesfully used" func="groupie-tracker/internal/handler.LocationHandler()" file="handlers.go:256"
time="2023-11-19T14:55:09+06:00" level=info msg="LocationHandler is succesfully used" func="groupie-tracker/internal/handler.LocationHandler()" file="handlers.go:256"
time="2023-11-19T14:55:09+06:00" level=info msg="LocationHandler is succesfully used" func="groupie-tracker/internal/handler.LocationHandler()" file="handlers.go:256"
time="2023-11-19T14:55:10+06:00" level=info msg="LocationHandler is succesfully used" func="groupie-tracker/internal/handler.LocationHandler()" file="handlers.go:256"
time="2023-11-19T14:55:10+06:00" level=info msg="LocationHandler is succesfully used" func="groupie-tracker/internal/handler.LocationHandler()" file="handlers.go:256"
time="2023-11-19T14:55:10+06:00" level=info msg="LocationHandler is succesfully used" func="groupie-tracker/internal/handler.LocationHandler()" file="handlers.go:256"
time="2023-11-19T14:55:10+06:00" level=info msg="LocationHandler is succesfully used" func="groupie-tracker/internal/handler.LocationHandler()" file="handlers.go:256"
time="2023-11-19T14:55:10+06:00" level=info msg="LocationHandler is succesfully used" func="groupie-tracker/internal/handler.LocationHandler()" file="handlers.go:256"
time="2023-11-19T14:55:10+06:00" level=info msg="LocationHandler is succesfully used" func="groupie-tracker/internal/handler.LocationHandler()" file="handlers.go:256"
time="2023-11-19T14:55:10+06:00" level=info msg="LocationHandler is succesfully used" func="groupie-tracker/internal/handler.LocationHandler()" file="handlers.go:256"
time="2023-11-19T14:55:10+06:00" level=info msg="LocationHandler is succesfully used" func="groupie-tracker/internal/handler.LocationHandler()" file="handlers.go:256"
time="2023-11-19T14:55:10+06:00" level=info msg="LocationHandler is succesfully used" func="groupie-tracker/internal/handler.LocationHandler()" file="handlers.go:256"
time="2023-11-19T14:55:10+06:00" level=info msg="LocationHandler is succesfully used" func="groupie-tracker/internal/handler.LocationHandler()" file="handlers.go:256"
time="2023-11-19T14:55:10+06:00" level=info msg="LocationHandler is succesfully used" func="groupie-tracker/internal/handler.LocationHandler()" file="handlers.go:256"
time="2023-11-19T14:55:10+06:00" level=info msg="LocationHandler is succesfully used" func="groupie-tracker/internal/handler.LocationHandler()" file="handlers.go:256"
time="2023-11-19T14:55:10+06:00" level=info msg="LocationHandler is succesfully used" func="groupie-tracker/internal/handler.LocationHandler()" file="handlers.go:256"
time="2023-11-19T14:55:10+06:00" level=info msg="LocationHandler is succesfully used" func="groupie-tracker/internal/handler.LocationHandler()" file="handlers.go:256"
time="2023-11-19T14:55:10+06:00" level=info msg="LocationHandler is succesfully used" func="groupie-tracker/internal/handler.LocationHandler()" file="handlers.go:256"
time="2023-11-19T14:55:10+06:00" level=info msg="LocationHandler is succesfully used" func="groupie-tracker/internal/handler.LocationHandler()" file="handlers.go:256"
time="2023-11-19T14:55:10+06:00" level=info msg="LocationHandler is succesfully used" func="groupie-tracker/internal/handler.LocationHandler()" file="handlers.go:256"
time="2023-11-19T14:55:10+06:00" level=info msg="LocationHandler is succesfully used" func="groupie-tracker/internal/handler.LocationHandler()" file="handlers.go:256"
time="2023-11-19T14:55:10+06:00" level=info msg="LocationHandler is succesfully used" func="groupie-tracker/internal/handler.LocationHandler()" file="handlers.go:256"
time="2023-11-19T14:55:10+06:00" level=info msg="LocationHandler is succesfully used" func="groupie-tracker/internal/handler.LocationHandler()" file="handlers.go:256"
time="2023-11-19T14:55:10+06:00" level=info msg="LocationHandler is succesfully used" func="groupie-tracker/internal/handler.LocationHandler()" file="handlers.go:256"
time="2023-11-19T14:55:10+06:00" level=info msg="LocationHandler is succesfully used" func="groupie-tracker/internal/handler.LocationHandler()" file="handlers.go:256"
time="2023-11-19T14:55:10+06:00" level=info msg="LocationHandler is succesfully used" func="groupie-tracker/internal/handler.LocationHandler()" file="handlers.go:256"
time="2023-11-19T14:55:10+06:00" level=info msg="LocationHandler is succesfully used" func="groupie-tracker/internal/handler.LocationHandler()" file="handlers.go:256"
time="2023-11-19T14:55:10+06:00" level=info msg="LocationHandler is succesfully used" func="groupie-tracker/internal/handler.LocationHandler()" file="handlers.go:256"
time="2023-11-19T14:55:10+06:00" level=info msg="LocationHandler is succesfully used" func="groupie-tracker/internal/handler.LocationHandler()" file="handlers.go:256"
time="2023-11-19T14:55:10+06:00" level=info msg="LocationHandler is succesfully used" func="groupie-tracker/internal/handler.LocationHandler()" file="handlers.go:256"
time="2023-11-19T14:55:10+06:00" level=info msg="LocationHandler is succesfully used" func="groupie-tracker/internal/handler.LocationHandler()" file="handlers.go:256"
time="2023-11-19T14:55:10+06:00" level=info msg="LocationHandler is succesfully used" func="groupie-tracker/internal/handler.LocationHandler()" file="handlers.go:256"
time="2023-11-19T14:55:10+06:00" level=info msg="LocationHandler is succesfully used" func="groupie-tracker/internal/handler.LocationHandler()" file="handlers.go:256"
time="2023-11-19T14:55:10+06:00" level=info msg="LocationHandler is succesfully used" func="groupie-tracker/internal/handler.LocationHandler()" file="handlers.go:256"
time="2023-11-19T14:55:10+06:00" level=info msg="LocationHandler is succesfully used" func="groupie-tracker/internal/handler.LocationHandler()" file="handlers.go:256"
time="2023-11-19T14:55:10+06:00" level=info msg="LocationHandler is succesfully used" func="groupie-tracker/internal/handler.LocationHandler()" file="handlers.go:256"
time="2023-11-19T14:55:10+06:00" level=info msg="LocationHandler is succesfully used" func="groupie-tracker/internal/handler.LocationHandler()" file="handlers.go:256"
time="2023-11-19T14:55:10+06:00" level=info msg="LocationHandler is succesfully used" func="groupie-tracker/internal/handler.LocationHandler()" file="handlers.go:256"
time="2023-11-19T14:55:10+06:00" level=info msg="LocationHandler is succesfully used" func="groupie-tracker/internal/handler.LocationHandler()" file="handlers.go:256"
time="2023-11-19T14:55:10+06:00" level=info msg="LocationHandler is succesfully used" func="groupie-tracker/internal/handler.LocationHandler()" file="handlers.go:256"
time="2023-11-19T14:55:10+06:00" level=info msg="LocationHandler is succesfully used" func="groupie-tracker/internal/handler.LocationHandler()" file="handlers.go:256"
time="2023-11-19T14:55:10+06:00" level=info msg="LocationHandler is succesfully used" func="groupie-tracker/internal/handler.LocationHandler()" file="handlers.go:256"
time="2023-11-19T14:55:10+06:00" level=info msg="LocationHandler is succesfully used" func="groupie-tracker/internal/handler.LocationHandler()" file="handlers.go:256"
time="2023-11-19T14:55:10+06:00" level=info msg="LocationHandler is succesfully used" func="groupie-tracker/internal/handler.LocationHandler()" file="handlers.go:256"
time="2023-11-19T14:55:10+06:00" level=info msg="LocationHandler is succesfully used" func="groupie-tracker/internal/handler.LocationHandler()" file="handlers.go:256"
time="2023-11-19T14:55:10+06:00" level=info msg="LocationHandler is succesfully used" func="groupie-tracker/internal/handler.LocationHandler()" file="handlers.go:256"
time="2023-11-19T14:55:10+06:00" level=info msg="LocationHandler is succesfully used" func="groupie-tracker/internal/handler.LocationHandler()" file="handlers.go:256"
time="2023-11-19T14:55:10+06:00" level=info msg="LocationHandler is succesfully used" func="groupie-tracker/internal/handler.LocationHandler()" file="handlers.go:256"
time="2023-11-19T14:55:10+06:00" level=info msg="LocationHandler is succesfully used" func="groupie-tracker/internal/handler.LocationHandler()" file="handlers.go:256"
time="2023-11-19T14:55:10+06:00" level=info msg="LocationHandler is succesfully used" func="groupie-tracker/internal/handler.LocationHandler()" file="handlers.go:256"
time="2023-11-19T14:55:10+06:00" level=info msg="LocationHandler is succesfully used" func="groupie-tracker/internal/handler.LocationHandler()" file="handlers.go:256"
time="2023-11-19T14:55:10+06:00" level=info msg="LocationHandler is succesfully used" func="groupie-tracker/internal/handler.LocationHandler()" file="handlers.go:256"
time="2023-11-19T14:56:32+06:00" level=info msg="Server launching..." func="main.main()" file="main.go:10"
time="2023-11-19T14:57:13+06:00" level=info msg="Server launching..." func="main.main()" file="main.go:10"
time="2023-11-19T15:06:01+06:00" level=info msg="IndexHandler is succesfully used" func="groupie-tracker/internal/handler.IndexHandler()" file="handlers.go:59"
time="2023-11-19T15:06:01+06:00" level=info msg="LocationHandler is succesfully used" func="groupie-tracker/internal/handler.LocationHandler()" file="handlers.go:256"
time="2023-11-19T15:06:01+06:00" level=info msg="LocationHandler is succesfully used" func="groupie-tracker/internal/handler.LocationHandler()" file="handlers.go:256"
time="2023-11-19T15:06:01+06:00" level=info msg="LocationHandler is succesfully used" func="groupie-tracker/internal/handler.LocationHandler()" file="handlers.go:256"
time="2023-11-19T15:06:01+06:00" level=info msg="LocationHandler is succesfully used" func="groupie-tracker/internal/handler.LocationHandler()" file="handlers.go:256"
time="2023-11-19T15:06:01+06:00" level=info msg="LocationHandler is succesfully used" func="groupie-tracker/internal/handler.LocationHandler()" file="handlers.go:256"
time="2023-11-19T15:06:01+06:00" level=info msg="LocationHandler is succesfully used" func="groupie-tracker/internal/handler.LocationHandler()" file="handlers.go:256"
time="2023-11-19T15:06:01+06:00" level=info msg="LocationHandler is succesfully used" func="groupie-tracker/internal/handler.LocationHandler()" file="handlers.go:256"
time="2023-11-19T15:06:01+06:00" level=info msg="LocationHandler is succesfully used" func="groupie-tracker/internal/handler.LocationHandler()" file="handlers.go:256"
time="2023-11-19T15:06:01+06:00" level=info msg="LocationHandler is succesfully used" func="groupie-tracker/internal/handler.LocationHandler()" file="handlers.go:256"
time="2023-11-19T15:06:01+06:00" level=info msg="LocationHandler is succesfully used" func="groupie-tracker/internal/handler.LocationHandler()" file="handlers.go:256"
time="2023-11-19T15:06:01+06:00" level=info msg="LocationHandler is succesfully used" func="groupie-tracker/internal/handler.LocationHandler()" file="handlers.go:256"
time="2023-11-19T15:06:01+06:00" level=info msg="LocationHandler is succesfully used" func="groupie-tracker/internal/handler.LocationHandler()" file="handlers.go:256"
time="2023-11-19T15:06:01+06:00" level=info msg="LocationHandler is succesfully used" func="groupie-tracker/internal/handler.LocationHandler()" file="handlers.go:256"
time="2023-11-19T15:06:01+06:00" level=info msg="LocationHandler is succesfully used" func="groupie-tracker/internal/handler.LocationHandler()" file="handlers.go:256"
time="2023-11-19T15:06:02+06:00" level=info msg="LocationHandler is succesfully used" func="groupie-tracker/internal/handler.LocationHandler()" file="handlers.go:256"
time="2023-11-19T15:06:02+06:00" level=info msg="LocationHandler is succesfully used" func="groupie-tracker/internal/handler.LocationHandler()" file="handlers.go:256"
time="2023-11-19T15:06:02+06:00" level=info msg="LocationHandler is succesfully used" func="groupie-tracker/internal/handler.LocationHandler()" file="handlers.go:256"
time="2023-11-19T15:06:02+06:00" level=info msg="LocationHandler is succesfully used" func="groupie-tracker/internal/handler.LocationHandler()" file="handlers.go:256"
time="2023-11-19T15:06:02+06:00" level=info msg="LocationHandler is succesfully used" func="groupie-tracker/internal/handler.LocationHandler()" file="handlers.go:256"
time="2023-11-19T15:06:02+06:00" level=info msg="LocationHandler is succesfully used" func="groupie-tracker/internal/handler.LocationHandler()" file="handlers.go:256"
time="2023-11-19T15:06:02+06:00" level=info msg="LocationHandler is succesfully used" func="groupie-tracker/internal/handler.LocationHandler()" file="handlers.go:256"
time="2023-11-19T15:06:02+06:00" level=info msg="LocationHandler is succesfully used" func="groupie-tracker/internal/handler.LocationHandler()" file="handlers.go:256"
time="2023-11-19T15:06:02+06:00" level=info msg="LocationHandler is succesfully used" func="groupie-tracker/internal/handler.LocationHandler()" file="handlers.go:256"
time="2023-11-19T15:06:02+06:00" level=info msg="LocationHandler is succesfully used" func="groupie-tracker/internal/handler.LocationHandler()" file="handlers.go:256"
time="2023-11-19T15:06:02+06:00" level=info msg="LocationHandler is succesfully used" func="groupie-tracker/internal/handler.LocationHandler()" file="handlers.go:256"
time="2023-11-19T15:06:02+06:00" level=info msg="LocationHandler is succesfully used" func="groupie-tracker/internal/handler.LocationHandler()" file="handlers.go:256"
time="2023-11-19T15:06:02+06:00" level=info msg="LocationHandler is succesfully used" func="groupie-tracker/internal/handler.LocationHandler()" file="handlers.go:256"
time="2023-11-19T15:06:02+06:00" level=info msg="LocationHandler is succesfully used" func="groupie-tracker/internal/handler.LocationHandler()" file="handlers.go:256"
time="2023-11-19T15:06:02+06:00" level=info msg="LocationHandler is succesfully used" func="groupie-tracker/internal/handler.LocationHandler()" file="handlers.go:256"
time="2023-11-19T15:06:02+06:00" level=info msg="LocationHandler is succesfully used" func="groupie-tracker/internal/handler.LocationHandler()" file="handlers.go:256"
time="2023-11-19T15:06:02+06:00" level=info msg="LocationHandler is succesfully used" func="groupie-tracker/internal/handler.LocationHandler()" file="handlers.go:256"
time="2023-11-19T15:06:02+06:00" level=info msg="LocationHandler is succesfully used" func="groupie-tracker/internal/handler.LocationHandler()" file="handlers.go:256"
time="2023-11-19T15:06:02+06:00" level=info msg="LocationHandler is succesfully used" func="groupie-tracker/internal/handler.LocationHandler()" file="handlers.go:256"
time="2023-11-19T15:06:02+06:00" level=info msg="LocationHandler is succesfully used" func="groupie-tracker/internal/handler.LocationHandler()" file="handlers.go:256"
time="2023-11-19T15:06:02+06:00" level=info msg="LocationHandler is succesfully used" func="groupie-tracker/internal/handler.LocationHandler()" file="handlers.go:256"
time="2023-11-19T15:06:02+06:00" level=info msg="LocationHandler is succesfully used" func="groupie-tracker/internal/handler.LocationHandler()" file="handlers.go:256"
time="2023-11-19T15:06:02+06:00" level=info msg="LocationHandler is succesfully used" func="groupie-tracker/internal/handler.LocationHandler()" file="handlers.go:256"
time="2023-11-19T15:06:02+06:00" level=info msg="LocationHandler is succesfully used" func="groupie-tracker/internal/handler.LocationHandler()" file="handlers.go:256"
time="2023-11-19T15:06:02+06:00" level=info msg="LocationHandler is succesfully used" func="groupie-tracker/internal/handler.LocationHandler()" file="handlers.go:256"
time="2023-11-19T15:06:02+06:00" level=info msg="LocationHandler is succesfully used" func="groupie-tracker/internal/handler.LocationHandler()" file="handlers.go:256"
time="2023-11-19T15:06:02+06:00" level=info msg="LocationHandler is succesfully used" func="groupie-tracker/internal/handler.LocationHandler()" file="handlers.go:256"
time="2023-11-19T15:06:02+06:00" level=info msg="LocationHandler is succesfully used" func="groupie-tracker/internal/handler.LocationHandler()" file="handlers.go:256"
time="2023-11-19T15:06:02+06:00" level=info msg="LocationHandler is succesfully used" func="groupie-tracker/internal/handler.LocationHandler()" file="handlers.go:256"
time="2023-11-19T15:06:02+06:00" level=info msg="LocationHandler is succesfully used" func="groupie-tracker/internal/handler.LocationHandler()" file="handlers.go:256"
time="2023-11-19T15:06:02+06:00" level=info msg="LocationHandler is succesfully used" func="groupie-tracker/internal/handler.LocationHandler()" file="handlers.go:256"
time="2023-11-19T15:06:02+06:00" level=info msg="LocationHandler is succesfully used" func="groupie-tracker/internal/handler.LocationHandler()" file="handlers.go:256"
time="2023-11-19T15:06:02+06:00" level=info msg="LocationHandler is succesfully used" func="groupie-tracker/internal/handler.LocationHandler()" file="handlers.go:256"
time="2023-11-19T15:06:02+06:00" level=info msg="LocationHandler is succesfully used" func="groupie-tracker/internal/handler.LocationHandler()" file="handlers.go:256"
time="2023-11-19T15:06:02+06:00" level=info msg="LocationHandler is succesfully used" func="groupie-tracker/internal/handler.LocationHandler()" file="handlers.go:256"
time="2023-11-19T15:06:02+06:00" level=info msg="LocationHandler is succesfully used" func="groupie-tracker/internal/handler.LocationHandler()" file="handlers.go:256"
time="2023-11-19T15:06:02+06:00" level=info msg="LocationHandler is succesfully used" func="groupie-tracker/internal/handler.LocationHandler()" file="handlers.go:256"
time="2023-11-19T15:06:02+06:00" level=info msg="LocationHandler is succesfully used" func="groupie-tracker/internal/handler.LocationHandler()" file="handlers.go:256"
time="2023-11-19T15:22:09+06:00" level=info msg="Server launching..." func="main.main()" file="main.go:10"
time="2023-11-19T15:22:22+06:00" level=info msg="IndexHandler is succesfully used" func="groupie-tracker/internal/handler.IndexHandler()" file="handlers.go:59"
time="2023-11-19T15:22:22+06:00" level=info msg="LocationHandler is succesfully used" func="groupie-tracker/internal/handler.LocationHandler()" file="handlers.go:256"
time="2023-11-19T15:22:22+06:00" level=info msg="LocationHandler is succesfully used" func="groupie-tracker/internal/handler.LocationHandler()" file="handlers.go:256"
time="2023-11-19T15:22:23+06:00" level=info msg="LocationHandler is succesfully used" func="groupie-tracker/internal/handler.LocationHandler()" file="handlers.go:256"
time="2023-11-19T15:22:23+06:00" level=info msg="LocationHandler is succesfully used" func="groupie-tracker/internal/handler.LocationHandler()" file="handlers.go:256"
time="2023-11-19T15:22:23+06:00" level=info msg="LocationHandler is succesfully used" func="groupie-tracker/internal/handler.LocationHandler()" file="handlers.go:256"
time="2023-11-19T15:22:23+06:00" level=info msg="LocationHandler is succesfully used" func="groupie-tracker/internal/handler.LocationHandler()" file="handlers.go:256"
time="2023-11-19T15:22:23+06:00" level=info msg="LocationHandler is succesfully used" func="groupie-tracker/internal/handler.LocationHandler()" file="handlers.go:256"
time="2023-11-19T15:22:23+06:00" level=info msg="LocationHandler is succesfully used" func="groupie-tracker/internal/handler.LocationHandler()" file="handlers.go:256"
time="2023-11-19T15:22:23+06:00" level=info msg="LocationHandler is succesfully used" func="groupie-tracker/internal/handler.LocationHandler()" file="handlers.go:256"
time="2023-11-19T15:22:23+06:00" level=info msg="LocationHandler is succesfully used" func="groupie-tracker/internal/handler.LocationHandler()" file="handlers.go:256"
time="2023-11-19T15:22:23+06:00" level=info msg="LocationHandler is succesfully used" func="groupie-tracker/internal/handler.LocationHandler()" file="handlers.go:256"
time="2023-11-19T15:22:23+06:00" level=info msg="LocationHandler is succesfully used" func="groupie-tracker/internal/handler.LocationHandler()" file="handlers.go:256"
time="2023-11-19T15:22:23+06:00" level=info msg="LocationHandler is succesfully used" func="groupie-tracker/internal/handler.LocationHandler()" file="handlers.go:256"
time="2023-11-19T15:22:23+06:00" level=info msg="LocationHandler is succesfully used" func="groupie-tracker/internal/handler.LocationHandler()" file="handlers.go:256"
time="2023-11-19T15:22:23+06:00" level=info msg="LocationHandler is succesfully used" func="groupie-tracker/internal/handler.LocationHandler()" file="handlers.go:256"
time="2023-11-19T15:22:23+06:00" level=info msg="LocationHandler is succesfully used" func="groupie-tracker/internal/handler.LocationHandler()" file="handlers.go:256"
time="2023-11-19T15:22:23+06:00" level=info msg="LocationHandler is succesfully used" func="groupie-tracker/internal/handler.LocationHandler()" file="handlers.go:256"
time="2023-11-19T15:22:23+06:00" level=info msg="LocationHandler is succesfully used" func="groupie-tracker/internal/handler.LocationHandler()" file="handlers.go:256"
time="2023-11-19T15:22:23+06:00" level=info msg="LocationHandler is succesfully used" func="groupie-tracker/internal/handler.LocationHandler()" file="handlers.go:256"
time="2023-11-19T15:22:23+06:00" level=info msg="LocationHandler is succesfully used" func="groupie-tracker/internal/handler.LocationHandler()" file="handlers.go:256"
time="2023-11-19T15:22:23+06:00" level=info msg="LocationHandler is succesfully used" func="groupie-tracker/internal/handler.LocationHandler()" file="handlers.go:256"
time="2023-11-19T15:22:23+06:00" level=info msg="LocationHandler is succesfully used" func="groupie-tracker/internal/handler.LocationHandler()" file="handlers.go:256"
time="2023-11-19T15:22:23+06:00" level=info msg="LocationHandler is succesfully used" func="groupie-tracker/internal/handler.LocationHandler()" file="handlers.go:256"
time="2023-11-19T15:22:23+06:00" level=info msg="LocationHandler is succesfully used" func="groupie-tracker/internal/handler.LocationHandler()" file="handlers.go:256"
time="2023-11-19T15:22:23+06:00" level=info msg="LocationHandler is succesfully used" func="groupie-tracker/internal/handler.LocationHandler()" file="handlers.go:256"
time="2023-11-19T15:22:23+06:00" level=info msg="LocationHandler is succesfully used" func="groupie-tracker/internal/handler.LocationHandler()" file="handlers.go:256"
time="2023-11-19T15:22:23+06:00" level=info msg="LocationHandler is succesfully used" func="groupie-tracker/internal/handler.LocationHandler()" file="handlers.go:256"
time="2023-11-19T15:22:23+06:00" level=info msg="LocationHandler is succesfully used" func="groupie-tracker/internal/handler.LocationHandler()" file="handlers.go:256"
time="2023-11-19T15:22:23+06:00" level=info msg="LocationHandler is succesfully used" func="groupie-tracker/internal/handler.LocationHandler()" file="handlers.go:256"
time="2023-11-19T15:22:23+06:00" level=info msg="LocationHandler is succesfully used" func="groupie-tracker/internal/handler.LocationHandler()" file="handlers.go:256"
time="2023-11-19T15:22:23+06:00" level=info msg="LocationHandler is succesfully used" func="groupie-tracker/internal/handler.LocationHandler()" file="handlers.go:256"
time="2023-11-19T15:22:23+06:00" level=info msg="LocationHandler is succesfully used" func="groupie-tracker/internal/handler.LocationHandler()" file="handlers.go:256"
time="2023-11-19T15:22:23+06:00" level=info msg="LocationHandler is succesfully used" func="groupie-tracker/internal/handler.LocationHandler()" file="handlers.go:256"
time="2023-11-19T15:22:23+06:00" level=info msg="LocationHandler is succesfully used" func="groupie-tracker/internal/handler.LocationHandler()" file="handlers.go:256"
time="2023-11-19T15:22:23+06:00" level=info msg="LocationHandler is succesfully used" func="groupie-tracker/internal/handler.LocationHandler()" file="handlers.go:256"
time="2023-11-19T15:22:23+06:00" level=info msg="LocationHandler is succesfully used" func="groupie-tracker/internal/handler.LocationHandler()" file="handlers.go:256"
time="2023-11-19T15:22:23+06:00" level=info msg="LocationHandler is succesfully used" func="groupie-tracker/internal/handler.LocationHandler()" file="handlers.go:256"
time="2023-11-19T15:22:23+06:00" level=info msg="LocationHandler is succesfully used" func="groupie-tracker/internal/handler.LocationHandler()" file="handlers.go:256"
time="2023-11-19T15:22:23+06:00" level=info msg="LocationHandler is succesfully used" func="groupie-tracker/internal/handler.LocationHandler()" file="handlers.go:256"
time="2023-11-19T15:22:23+06:00" level=info msg="LocationHandler is succesfully used" func="groupie-tracker/internal/handler.LocationHandler()" file="handlers.go:256"
time="2023-11-19T15:22:23+06:00" level=info msg="LocationHandler is succesfully used" func="groupie-tracker/internal/handler.LocationHandler()" file="handlers.go:256"
time="2023-11-19T15:22:23+06:00" level=info msg="LocationHandler is succesfully used" func="groupie-tracker/internal/handler.LocationHandler()" file="handlers.go:256"
time="2023-11-19T15:22:23+06:00" level=info msg="LocationHandler is succesfully used" func="groupie-tracker/internal/handler.LocationHandler()" file="handlers.go:256"
time="2023-11-19T15:22:23+06:00" level=info msg="LocationHandler is succesfully used" func="groupie-tracker/internal/handler.LocationHandler()" file="handlers.go:256"
time="2023-11-19T15:22:23+06:00" level=info msg="LocationHandler is succesfully used" func="groupie-tracker/internal/handler.LocationHandler()" file="handlers.go:256"
time="2023-11-19T15:22:23+06:00" level=info msg="LocationHandler is succesfully used" func="groupie-tracker/internal/handler.LocationHandler()" file="handlers.go:256"
time="2023-11-19T15:22:23+06:00" level=info msg="LocationHandler is succesfully used" func="groupie-tracker/internal/handler.LocationHandler()" file="handlers.go:256"
time="2023-11-19T15:22:23+06:00" level=info msg="LocationHandler is succesfully used" func="groupie-tracker/internal/handler.LocationHandler()" file="handlers.go:256"
time="2023-11-19T15:22:23+06:00" level=info msg="LocationHandler is succesfully used" func="groupie-tracker/internal/handler.LocationHandler()" file="handlers.go:256"
time="2023-11-19T15:22:24+06:00" level=info msg="LocationHandler is succesfully used" func="groupie-tracker/internal/handler.LocationHandler()" file="handlers.go:256"
time="2023-11-19T15:22:24+06:00" level=info msg="LocationHandler is succesfully used" func="groupie-tracker/internal/handler.LocationHandler()" file="handlers.go:256"
time="2023-11-19T15:22:24+06:00" level=info msg="LocationHandler is succesfully used" func="groupie-tracker/internal/handler.LocationHandler()" file="handlers.go:256"
time="2023-11-19T15:22:49+06:00" level=info msg="IndexHandler is succesfully used" func="groupie-tracker/internal/handler.IndexHandler()" file="handlers.go:59"
time="2023-11-19T15:22:50+06:00" level=info msg="LocationHandler is succesfully used" func="groupie-tracker/internal/handler.LocationHandler()" file="handlers.go:256"
time="2023-11-19T15:22:50+06:00" level=info msg="LocationHandler is succesfully used" func="groupie-tracker/internal/handler.LocationHandler()" file="handlers.go:256"
time="2023-11-19T15:22:50+06:00" level=info msg="LocationHandler is succesfully used" func="groupie-tracker/internal/handler.LocationHandler()" file="handlers.go:256"
time="2023-11-19T15:22:50+06:00" level=info msg="LocationHandler is succesfully used" func="groupie-tracker/internal/handler.LocationHandler()" file="handlers.go:256"
time="2023-11-19T15:22:50+06:00" level=info msg="LocationHandler is succesfully used" func="groupie-tracker/internal/handler.LocationHandler()" file="handlers.go:256"
time="2023-11-19T15:22:50+06:00" level=info msg="LocationHandler is succesfully used" func="groupie-tracker/internal/handler.LocationHandler()" file="handlers.go:256"
time="2023-11-19T15:22:50+06:00" level=info msg="LocationHandler is succesfully used" func="groupie-tracker/internal/handler.LocationHandler()" file="handlers.go:256"
time="2023-11-19T15:22:50+06:00" level=info msg="LocationHandler is succesfully used" func="groupie-tracker/internal/handler.LocationHandler()" file="handlers.go:256"
time="2023-11-19T15:22:50+06:00" level=info msg="LocationHandler is succesfully used" func="groupie-tracker/internal/handler.LocationHandler()" file="handlers.go:256"
time="2023-11-19T15:22:50+06:00" level=info msg="LocationHandler is succesfully used" func="groupie-tracker/internal/handler.LocationHandler()" file="handlers.go:256"
time="2023-11-19T15:22:50+06:00" level=info msg="LocationHandler is succesfully used" func="groupie-tracker/internal/handler.LocationHandler()" file="handlers.go:256"
time="2023-11-19T15:22:50+06:00" level=info msg="LocationHandler is succesfully used" func="groupie-tracker/internal/handler.LocationHandler()" file="handlers.go:256"
time="2023-11-19T15:22:50+06:00" level=info msg="LocationHandler is succesfully used" func="groupie-tracker/internal/handler.LocationHandler()" file="handlers.go:256"
time="2023-11-19T15:22:50+06:00" level=info msg="LocationHandler is succesfully used" func="groupie-tracker/internal/handler.LocationHandler()" file="handlers.go:256"
time="2023-11-19T15:22:50+06:00" level=info msg="LocationHandler is succesfully used" func="groupie-tracker/internal/handler.LocationHandler()" file="handlers.go:256"
time="2023-11-19T15:22:50+06:00" level=info msg="LocationHandler is succesfully used" func="groupie-tracker/internal/handler.LocationHandler()" file="handlers.go:256"
time="2023-11-19T15:22:50+06:00" level=info msg="LocationHandler is succesfully used" func="groupie-tracker/internal/handler.LocationHandler()" file="handlers.go:256"
time="2023-11-19T15:22:50+06:00" level=info msg="LocationHandler is succesfully used" func="groupie-tracker/internal/handler.LocationHandler()" file="handlers.go:256"
time="2023-11-19T15:22:50+06:00" level=info msg="LocationHandler is succesfully used" func="groupie-tracker/internal/handler.LocationHandler()" file="handlers.go:256"
time="2023-11-19T15:22:50+06:00" level=info msg="LocationHandler is succesfully used" func="groupie-tracker/internal/handler.LocationHandler()" file="handlers.go:256"
time="2023-11-19T15:22:50+06:00" level=info msg="LocationHandler is succesfully used" func="groupie-tracker/internal/handler.LocationHandler()" file="handlers.go:256"
time="2023-11-19T15:22:50+06:00" level=info msg="LocationHandler is succesfully used" func="groupie-tracker/internal/handler.LocationHandler()" file="handlers.go:256"
time="2023-11-19T15:22:50+06:00" level=info msg="LocationHandler is succesfully used" func="groupie-tracker/internal/handler.LocationHandler()" file="handlers.go:256"
time="2023-11-19T15:22:50+06:00" level=info msg="LocationHandler is succesfully used" func="groupie-tracker/internal/handler.LocationHandler()" file="handlers.go:256"
time="2023-11-19T15:22:50+06:00" level=info msg="LocationHandler is succesfully used" func="groupie-tracker/internal/handler.LocationHandler()" file="handlers.go:256"
time="2023-11-19T15:22:50+06:00" level=info msg="LocationHandler is succesfully used" func="groupie-tracker/internal/handler.LocationHandler()" file="handlers.go:256"
time="2023-11-19T15:22:50+06:00" level=info msg="LocationHandler is succesfully used" func="groupie-tracker/internal/handler.LocationHandler()" file="handlers.go:256"
time="2023-11-19T15:22:50+06:00" level=info msg="LocationHandler is succesfully used" func="groupie-tracker/internal/handler.LocationHandler()" file="handlers.go:256"
time="2023-11-19T15:22:50+06:00" level=info msg="LocationHandler is succesfully used" func="groupie-tracker/internal/handler.LocationHandler()" file="handlers.go:256"
time="2023-11-19T15:22:50+06:00" level=info msg="LocationHandler is succesfully used" func="groupie-tracker/internal/handler.LocationHandler()" file="handlers.go:256"
time="2023-11-19T15:22:50+06:00" level=info msg="LocationHandler is succesfully used" func="groupie-tracker/internal/handler.LocationHandler()" file="handlers.go:256"
time="2023-11-19T15:22:50+06:00" level=info msg="LocationHandler is succesfully used" func="groupie-tracker/internal/handler.LocationHandler()" file="handlers.go:256"
time="2023-11-19T15:22:50+06:00" level=info msg="LocationHandler is succesfully used" func="groupie-tracker/internal/handler.LocationHandler()" file="handlers.go:256"
time="2023-11-19T15:22:51+06:00" level=info msg="LocationHandler is succesfully used" func="groupie-tracker/internal/handler.LocationHandler()" file="handlers.go:256"
time="2023-11-19T15:22:51+06:00" level=info msg="LocationHandler is succesfully used" func="groupie-tracker/internal/handler.LocationHandler()" file="handlers.go:256"
time="2023-11-19T15:22:51+06:00" level=info msg="LocationHandler is succesfully used" func="groupie-tracker/internal/handler.LocationHandler()" file="handlers.go:256"
time="2023-11-19T15:22:51+06:00" level=info msg="LocationHandler is succesfully used" func="groupie-tracker/internal/handler.LocationHandler()" file="handlers.go:256"
time="2023-11-19T15:22:51+06:00" level=info msg="LocationHandler is succesfully used" func="groupie-tracker/internal/handler.LocationHandler()" file="handlers.go:256"
time="2023-11-19T15:22:51+06:00" level=info msg="LocationHandler is succesfully used" func="groupie-tracker/internal/handler.LocationHandler()" file="handlers.go:256"
time="2023-11-19T15:22:51+06:00" level=info msg="LocationHandler is succesfully used" func="groupie-tracker/internal/handler.LocationHandler()" file="handlers.go:256"
time="2023-11-19T15:22:51+06:00" level=info msg="LocationHandler is succesfully used" func="groupie-tracker/internal/handler.LocationHandler()" file="handlers.go:256"
time="2023-11-19T15:22:51+06:00" level=info msg="LocationHandler is succesfully used" func="groupie-tracker/internal/handler.LocationHandler()" file="handlers.go:256"
time="2023-11-19T15:22:51+06:00" level=info msg="LocationHandler is succesfully used" func="groupie-tracker/internal/handler.LocationHandler()" file="handlers.go:256"
time="2023-11-19T15:22:51+06:00" level=info msg="LocationHandler is succesfully used" func="groupie-tracker/internal/handler.LocationHandler()" file="handlers.go:256"
time="2023-11-19T15:22:51+06:00" level=info msg="LocationHandler is succesfully used" func="groupie-tracker/internal/handler.LocationHandler()" file="handlers.go:256"
time="2023-11-19T15:22:51+06:00" level=info msg="LocationHandler is succesfully used" func="groupie-tracker/internal/handler.LocationHandler()" file="handlers.go:256"
time="2023-11-19T15:22:51+06:00" level=info msg="LocationHandler is succesfully used" func="groupie-tracker/internal/handler.LocationHandler()" file="handlers.go:256"
time="2023-11-19T15:22:51+06:00" level=info msg="LocationHandler is succesfully used" func="groupie-tracker/internal/handler.LocationHandler()" file="handlers.go:256"
time="2023-11-19T15:22:51+06:00" level=info msg="LocationHandler is succesfully used" func="groupie-tracker/internal/handler.LocationHandler()" file="handlers.go:256"
time="2023-11-19T15:22:51+06:00" level=info msg="LocationHandler is succesfully used" func="groupie-tracker/internal/handler.LocationHandler()" file="handlers.go:256"
time="2023-11-19T15:22:51+06:00" level=info msg="LocationHandler is succesfully used" func="groupie-tracker/internal/handler.LocationHandler()" file="handlers.go:256"
time="2023-11-19T15:22:51+06:00" level=info msg="LocationHandler is succesfully used" func="groupie-tracker/internal/handler.LocationHandler()" file="handlers.go:256"
time="2023-11-19T18:52:40+06:00" level=info msg="Server launching..." func="main.main()" file="main.go:10"
time="2023-11-19T18:53:01+06:00" level=info msg="IndexHandler is succesfully used" func="groupie-tracker/internal/handler.IndexHandler()" file="handlers.go:59"
time="2023-11-19T18:53:02+06:00" level=info msg="LocationHandler is succesfully used" func="groupie-tracker/internal/handler.LocationHandler()" file="handlers.go:256"
time="2023-11-19T18:53:02+06:00" level=info msg="LocationHandler is succesfully used" func="groupie-tracker/internal/handler.LocationHandler()" file="handlers.go:256"
time="2023-11-19T18:53:02+06:00" level=info msg="LocationHandler is succesfully used" func="groupie-tracker/internal/handler.LocationHandler()" file="handlers.go:256"
time="2023-11-19T18:53:02+06:00" level=info msg="LocationHandler is succesfully used" func="groupie-tracker/internal/handler.LocationHandler()" file="handlers.go:256"
time="2023-11-19T18:53:02+06:00" level=info msg="LocationHandler is succesfully used" func="groupie-tracker/internal/handler.LocationHandler()" file="handlers.go:256"
time="2023-11-19T18:53:02+06:00" level=info msg="LocationHandler is succesfully used" func="groupie-tracker/internal/handler.LocationHandler()" file="handlers.go:256"
time="2023-11-19T18:53:02+06:00" level=info msg="LocationHandler is succesfully used" func="groupie-tracker/internal/handler.LocationHandler()" file="handlers.go:256"
time="2023-11-19T18:53:02+06:00" level=info msg="LocationHandler is succesfully used" func="groupie-tracker/internal/handler.LocationHandler()" file="handlers.go:256"
time="2023-11-19T18:53:02+06:00" level=info msg="LocationHandler is succesfully used" func="groupie-tracker/internal/handler.LocationHandler()" file="handlers.go:256"
time="2023-11-19T18:53:02+06:00" level=info msg="LocationHandler is succesfully used" func="groupie-tracker/internal/handler.LocationHandler()" file="handlers.go:256"
time="2023-11-19T18:53:02+06:00" level=info msg="LocationHandler is succesfully used" func="groupie-tracker/internal/handler.LocationHandler()" file="handlers.go:256"
time="2023-11-19T18:53:02+06:00" level=info msg="LocationHandler is succesfully used" func="groupie-tracker/internal/handler.LocationHandler()" file="handlers.go:256"
time="2023-11-19T18:53:02+06:00" level=info msg="LocationHandler is succesfully used" func="groupie-tracker/internal/handler.LocationHandler()" file="handlers.go:256"
time="2023-11-19T18:53:02+06:00" level=info msg="LocationHandler is succesfully used" func="groupie-tracker/internal/handler.LocationHandler()" file="handlers.go:256"
time="2023-11-19T18:53:02+06:00" level=info msg="LocationHandler is succesfully used" func="groupie-tracker/internal/handler.LocationHandler()" file="handlers.go:256"
time="2023-11-19T18:53:02+06:00" level=info msg="LocationHandler is succesfully used" func="groupie-tracker/internal/handler.LocationHandler()" file="handlers.go:256"
time="2023-11-19T18:53:02+06:00" level=info msg="LocationHandler is succesfully used" func="groupie-tracker/internal/handler.LocationHandler()" file="handlers.go:256"
time="2023-11-19T18:53:02+06:00" level=info msg="LocationHandler is succesfully used" func="groupie-tracker/internal/handler.LocationHandler()" file="handlers.go:256"
time="2023-11-19T18:53:02+06:00" level=info msg="LocationHandler is succesfully used" func="groupie-tracker/internal/handler.LocationHandler()" file="handlers.go:256"
time="2023-11-19T18:53:02+06:00" level=info msg="LocationHandler is succesfully used" func="groupie-tracker/internal/handler.LocationHandler()" file="handlers.go:256"
time="2023-11-19T18:53:02+06:00" level=info msg="LocationHandler is succesfully used" func="groupie-tracker/internal/handler.LocationHandler()" file="handlers.go:256"
time="2023-11-19T18:53:02+06:00" level=info msg="LocationHandler is succesfully used" func="groupie-tracker/internal/handler.LocationHandler()" file="handlers.go:256"
time="2023-11-19T18:53:02+06:00" level=info msg="LocationHandler is succesfully used" func="groupie-tracker/internal/handler.LocationHandler()" file="handlers.go:256"
time="2023-11-19T18:53:02+06:00" level=info msg="LocationHandler is succesfully used" func="groupie-tracker/internal/handler.LocationHandler()" file="handlers.go:256"
time="2023-11-19T18:53:02+06:00" level=info msg="LocationHandler is succesfully used" func="groupie-tracker/internal/handler.LocationHandler()" file="handlers.go:256"
time="2023-11-19T18:53:02+06:00" level=info msg="LocationHandler is succesfully used" func="groupie-tracker/internal/handler.LocationHandler()" file="handlers.go:256"
time="2023-11-19T18:53:02+06:00" level=info msg="LocationHandler is succesfully used" func="groupie-tracker/internal/handler.LocationHandler()" file="handlers.go:256"
time="2023-11-19T18:53:02+06:00" level=info msg="LocationHandler is succesfully used" func="groupie-tracker/internal/handler.LocationHandler()" file="handlers.go:256"
time="2023-11-19T18:53:02+06:00" level=info msg="LocationHandler is succesfully used" func="groupie-tracker/internal/handler.LocationHandler()" file="handlers.go:256"
time="2023-11-19T18:53:02+06:00" level=info msg="LocationHandler is succesfully used" func="groupie-tracker/internal/handler.LocationHandler()" file="handlers.go:256"
time="2023-11-19T18:53:02+06:00" level=info msg="LocationHandler is succesfully used" func="groupie-tracker/internal/handler.LocationHandler()" file="handlers.go:256"
time="2023-11-19T18:53:02+06:00" level=info msg="LocationHandler is succesfully used" func="groupie-tracker/internal/handler.LocationHandler()" file="handlers.go:256"
time="2023-11-19T18:53:02+06:00" level=info msg="LocationHandler is succesfully used" func="groupie-tracker/internal/handler.LocationHandler()" file="handlers.go:256"
time="2023-11-19T18:53:02+06:00" level=info msg="LocationHandler is succesfully used" func="groupie-tracker/internal/handler.LocationHandler()" file="handlers.go:256"
time="2023-11-19T18:53:02+06:00" level=info msg="LocationHandler is succesfully used" func="groupie-tracker/internal/handler.LocationHandler()" file="handlers.go:256"
time="2023-11-19T18:53:02+06:00" level=info msg="LocationHandler is succesfully used" func="groupie-tracker/internal/handler.LocationHandler()" file="handlers.go:256"
time="2023-11-19T18:53:02+06:00" level=info msg="LocationHandler is succesfully used" func="groupie-tracker/internal/handler.LocationHandler()" file="handlers.go:256"
time="2023-11-19T18:53:03+06:00" level=info msg="LocationHandler is succesfully used" func="groupie-tracker/internal/handler.LocationHandler()" file="handlers.go:256"
time="2023-11-19T18:53:03+06:00" level=info msg="LocationHandler is succesfully used" func="groupie-tracker/internal/handler.LocationHandler()" file="handlers.go:256"
time="2023-11-19T18:53:03+06:00" level=info msg="LocationHandler is succesfully used" func="groupie-tracker/internal/handler.LocationHandler()" file="handlers.go:256"
time="2023-11-19T18:53:03+06:00" level=info msg="LocationHandler is succesfully used" func="groupie-tracker/internal/handler.LocationHandler()" file="handlers.go:256"
time="2023-11-19T18:53:03+06:00" level=info msg="LocationHandler is succesfully used" func="groupie-tracker/internal/handler.LocationHandler()" file="handlers.go:256"
time="2023-11-19T18:53:03+06:00" level=info msg="LocationHandler is succesfully used" func="groupie-tracker/internal/handler.LocationHandler()" file="handlers.go:256"
time="2023-11-19T18:53:03+06:00" level=info msg="LocationHandler is succesfully used" func="groupie-tracker/internal/handler.LocationHandler()" file="handlers.go:256"
time="2023-11-19T18:53:03+06:00" level=info msg="LocationHandler is succesfully used" func="groupie-tracker/internal/handler.LocationHandler()" file="handlers.go:256"
time="2023-11-19T18:53:03+06:00" level=info msg="LocationHandler is succesfully used" func="groupie-tracker/internal/handler.LocationHandler()" file="handlers.go:256"
time="2023-11-19T18:53:03+06:00" level=info msg="LocationHandler is succesfully used" func="groupie-tracker/internal/handler.LocationHandler()" file="handlers.go:256"
time="2023-11-19T18:53:03+06:00" level=info msg="LocationHandler is succesfully used" func="groupie-tracker/internal/handler.LocationHandler()" file="handlers.go:256"
time="2023-11-19T18:53:03+06:00" level=info msg="LocationHandler is succesfully used" func="groupie-tracker/internal/handler.LocationHandler()" file="handlers.go:256"
time="2023-11-19T18:53:03+06:00" level=info msg="LocationHandler is succesfully used" func="groupie-tracker/internal/handler.LocationHandler()" file="handlers.go:256"
time="2023-11-19T18:53:03+06:00" level=info msg="LocationHandler is succesfully used" func="groupie-tracker/internal/handler.LocationHandler()" file="handlers.go:256"
time="2023-11-19T18:53:03+06:00" level=info msg="LocationHandler is succesfully used" func="groupie-tracker/internal/handler.LocationHandler()" file="handlers.go:256"
time="2023-11-19T20:32:23+06:00" level=info msg="Server launching..." func="main.main()" file="main.go:10"
